2025-09-08 09:06:59.0899|INFO|rspectrum7.Bootstrap|Inicio de ejecución .NET 8 (Linux-ready) 
2025-09-08 09:06:59.1409|WARN|rspectrum7.Bootstrap|No se proporcionaron parámetros de fecha. Se usa la fecha actual. 
2025-09-08 09:07:06.7186|INFO|ReadSpectrum7.DataRawObjectId|Se cargaron 2648 entradas en el diccionario DataRawObjectId. 
2025-09-08 09:07:06.7186|INFO|ReadSpectrum7.FilesDown|Server PATH:\\192.168.2.120\Spectrum_Data\TDM_TD30 
2025-09-08 09:07:06.7186|INFO|ReadSpectrum7.FilesDown|Server PATH:\\192.168.2.120\Spectrum_Data\TDM__V30 
2025-09-08 09:07:06.7186|INFO|ReadSpectrum7.FilesDown|Server PATH:\\192.168.2.120\Spectrum_Data\TAP__1MM 
2025-09-08 09:07:06.7186|INFO|ReadSpectrum7.FilesDown|Server PATH:\\192.168.2.120\Spectrum_Data\TDM_GE30 
2025-09-08 09:07:06.7369|INFO|ReadSpectrum7.FilesDown|Server PATH:\\192.168.2.120\Spectrum_Data\TDM__H30 
2025-09-08 09:07:06.7369|INFO|rspectrum7.Bootstrap|Inicio de Proceso: TDM_TD30_SP7 | fullLog: True | Hora: 09:07:06 
2025-09-08 09:07:06.7369|INFO|rspectrum7.Bootstrap|Iniciando procesamiento: 2025-09-06 | Hora: 09:07:06 
2025-09-08 09:07:07.1792|INFO|ReadSpectrum7.DataRawObjectId|{0} 	{1} 	 {2} 	{3} 	{4} 	 {5} 	{6}  
2025-09-08 09:07:07.1792|WARN|ReadSpectrum7.Record|ID no encontrado para combinación: b1=WARNES2, b2=115, b3=TR01_025 
2025-09-08 09:07:07.1792|INFO|ReadSpectrum7.DataRawObjectId|{0} 	{1} 	 {2} 	{3} 	{4} 	 {5} 	{6}  
2025-09-08 09:07:07.1792|WARN|ReadSpectrum7.Record|ID no encontrado para combinación: b1=WARNES2, b2=115, b3=TR01_025 
2025-09-08 09:07:07.1792|INFO|ReadSpectrum7.DataRawObjectId|{0} 	{1} 	 {2} 	{3} 	{4} 	 {5} 	{6}  
2025-09-08 09:07:07.1853|WARN|ReadSpectrum7.Record|ID no encontrado para combinación: b1=WARNES2, b2=115, b3=TR02_025 
2025-09-08 09:07:07.1853|INFO|ReadSpectrum7.DataRawObjectId|{0} 	{1} 	 {2} 	{3} 	{4} 	 {5} 	{6}  
2025-09-08 09:07:07.1853|WARN|ReadSpectrum7.Record|ID no encontrado para combinación: b1=WARNES2, b2=115, b3=TR02_025 
2025-09-08 09:07:07.1853|INFO|ReadSpectrum7.DataRawObjectId|{0} 	{1} 	 {2} 	{3} 	{4} 	 {5} 	{6}  
2025-09-08 09:07:07.1853|WARN|ReadSpectrum7.Record|ID no encontrado para combinación: b1=WARNES2, b2=115, b3=WARNES 
2025-09-08 09:07:07.1853|INFO|ReadSpectrum7.DataRawObjectId|{0} 	{1} 	 {2} 	{3} 	{4} 	 {5} 	{6}  
2025-09-08 09:07:07.1853|WARN|ReadSpectrum7.Record|ID no encontrado para combinación: b1=WARNES2, b2=115, b3=WARNES 
2025-09-08 09:07:07.1853|INFO|rspectrum7.Bootstrap|	Fin ReadFile 
2025-09-08 09:07:07.1853|INFO|ReadSpectrum7.FilesDown|Iniciando carga de 1554 registros para TDM_TD30_SP7 
2025-09-08 09:07:07.1853|INFO|ReadSpectrum7.FilesDown|INICIANDO CARGA EN BD 
2025-09-08 09:07:07.1853|INFO|ReadSpectrum7.RecordBulkInserter|Iniciando carga de registros masiva... 
2025-09-08 09:07:07.4182|INFO|ReadSpectrum7.DataRawObjectId|{0} 	{1} 	 {2} 	{3} 	{4} 	 {5} 	{6}  
2025-09-08 09:07:07.4196|INFO|ReadSpectrum7.DataRawObjectId|{0} 	{1} 	 {2} 	{3} 	{4} 	 {5} 	{6}  
2025-09-08 09:07:07.4196|INFO|ReadSpectrum7.DataRawObjectId|{0} 	{1} 	 {2} 	{3} 	{4} 	 {5} 	{6}  
2025-09-08 09:07:07.4196|INFO|ReadSpectrum7.DataRawObjectId|{0} 	{1} 	 {2} 	{3} 	{4} 	 {5} 	{6}  
2025-09-08 09:07:07.4196|INFO|ReadSpectrum7.DataRawObjectId|{0} 	{1} 	 {2} 	{3} 	{4} 	 {5} 	{6}  
2025-09-08 09:07:07.4196|INFO|ReadSpectrum7.DataRawObjectId|{0} 	{1} 	 {2} 	{3} 	{4} 	 {5} 	{6}  
2025-09-08 09:07:07.4196|INFO|ReadSpectrum7.RecordBulkInserter|Se generaron 147060 filas para insertar en TDM_TD30_BULK 
2025-09-08 09:07:07.7689|ERROR|ReadSpectrum7.RecordBulkInserter|Error al insertar bloque 1 Oracle.ManagedDataAccess.Client.OracleException (0x80004005): ORA-01653: no se ha podido ampliar la tabla SPECTRUM.TDM_TD30_BULK con 8192 en el tablespace TBS_SPECTRUM_DATA
   at Oracle.ManagedDataAccess.Client.OracleBulkCopy.WriteDataSourceToServer(IBulkCopyDataSource dataSource)
   at Oracle.ManagedDataAccess.Client.OracleBulkCopy.WriteToServer(DataTable table, DataRowState rowState)
   at Oracle.ManagedDataAccess.Client.OracleBulkCopy.WriteToServer(DataTable table)
   at ReadSpectrum7.RecordBulkInserter.InsertarPorBloques(DataTable tabla) in E:\JLA\Proyectos\rs7_core8\RecordBulkInserter.cs:line 186
2025-09-08 09:07:08.1481|ERROR|ReadSpectrum7.RecordBulkInserter|Error al insertar bloque 2 Oracle.ManagedDataAccess.Client.OracleException (0x80004005): ORA-01653: no se ha podido ampliar la tabla SPECTRUM.TDM_TD30_BULK con 8192 en el tablespace TBS_SPECTRUM_DATA
   at Oracle.ManagedDataAccess.Client.OracleBulkCopy.WriteDataSourceToServer(IBulkCopyDataSource dataSource)
   at Oracle.ManagedDataAccess.Client.OracleBulkCopy.WriteToServer(DataTable table, DataRowState rowState)
   at Oracle.ManagedDataAccess.Client.OracleBulkCopy.WriteToServer(DataTable table)
   at ReadSpectrum7.RecordBulkInserter.InsertarPorBloques(DataTable tabla) in E:\JLA\Proyectos\rs7_core8\RecordBulkInserter.cs:line 186
2025-09-08 09:07:08.3583|ERROR|ReadSpectrum7.RecordBulkInserter|Error al insertar bloque 3 Oracle.ManagedDataAccess.Client.OracleException (0x80004005): ORA-01653: no se ha podido ampliar la tabla SPECTRUM.TDM_TD30_BULK con 8192 en el tablespace TBS_SPECTRUM_DATA
   at Oracle.ManagedDataAccess.Client.OracleBulkCopy.WriteDataSourceToServer(IBulkCopyDataSource dataSource)
   at Oracle.ManagedDataAccess.Client.OracleBulkCopy.WriteToServer(DataTable table, DataRowState rowState)
   at Oracle.ManagedDataAccess.Client.OracleBulkCopy.WriteToServer(DataTable table)
   at ReadSpectrum7.RecordBulkInserter.InsertarPorBloques(DataTable tabla) in E:\JLA\Proyectos\rs7_core8\RecordBulkInserter.cs:line 186
2025-09-08 09:07:08.3583|INFO|ReadSpectrum7.RecordBulkInserter|Carga completada en 1,16 segundos 
2025-09-08 09:07:08.3583|INFO|ReadSpectrum7.FilesDown|FIN CARGA EN BD 
2025-09-08 09:17:17.8792|INFO|rspectrum7.Bootstrap|Inicio de ejecución .NET 8 (Linux-ready) 
2025-09-08 09:17:17.9227|WARN|rspectrum7.Bootstrap|No se proporcionaron parámetros de fecha. Se usa la fecha actual. 
2025-09-08 09:17:22.8476|INFO|ReadSpectrum7.DataRawObjectId|Se cargaron 2648 entradas en el diccionario DataRawObjectId. 
2025-09-08 09:17:22.8476|INFO|ReadSpectrum7.FilesDown|Server PATH:\\192.168.2.120\Spectrum_Data\TDM_TD30 
2025-09-08 09:17:22.8476|INFO|ReadSpectrum7.FilesDown|Server PATH:\\192.168.2.120\Spectrum_Data\TDM__V30 
2025-09-08 09:17:22.8476|INFO|ReadSpectrum7.FilesDown|Server PATH:\\192.168.2.120\Spectrum_Data\TAP__1MM 
2025-09-08 09:17:22.8579|INFO|ReadSpectrum7.FilesDown|Server PATH:\\192.168.2.120\Spectrum_Data\TDM_GE30 
2025-09-08 09:17:22.8579|INFO|ReadSpectrum7.FilesDown|Server PATH:\\192.168.2.120\Spectrum_Data\TDM__H30 
2025-09-08 09:17:22.8579|INFO|rspectrum7.Bootstrap|Inicio de Proceso: TDM_TD30_SP7 | fullLog: True | Hora: 09:17:22 
2025-09-08 09:17:22.8579|INFO|rspectrum7.Bootstrap|Iniciando procesamiento: 2025-09-06 | Hora: 09:17:22 
2025-09-08 09:17:23.0419|INFO|ReadSpectrum7.DataRawObjectId|{0} 	{1} 	 {2} 	{3} 	{4} 	 {5} 	{6}  
2025-09-08 09:17:23.0419|WARN|ReadSpectrum7.Record|ID no encontrado para combinación: b1=WARNES2, b2=115, b3=TR01_025 
2025-09-08 09:17:23.0419|INFO|ReadSpectrum7.DataRawObjectId|{0} 	{1} 	 {2} 	{3} 	{4} 	 {5} 	{6}  
2025-09-08 09:17:23.0468|WARN|ReadSpectrum7.Record|ID no encontrado para combinación: b1=WARNES2, b2=115, b3=TR01_025 
2025-09-08 09:17:23.0468|INFO|ReadSpectrum7.DataRawObjectId|{0} 	{1} 	 {2} 	{3} 	{4} 	 {5} 	{6}  
2025-09-08 09:17:23.0468|WARN|ReadSpectrum7.Record|ID no encontrado para combinación: b1=WARNES2, b2=115, b3=TR02_025 
2025-09-08 09:17:23.0468|INFO|ReadSpectrum7.DataRawObjectId|{0} 	{1} 	 {2} 	{3} 	{4} 	 {5} 	{6}  
2025-09-08 09:17:23.0468|WARN|ReadSpectrum7.Record|ID no encontrado para combinación: b1=WARNES2, b2=115, b3=TR02_025 
2025-09-08 09:17:23.0468|INFO|ReadSpectrum7.DataRawObjectId|{0} 	{1} 	 {2} 	{3} 	{4} 	 {5} 	{6}  
2025-09-08 09:17:23.0468|WARN|ReadSpectrum7.Record|ID no encontrado para combinación: b1=WARNES2, b2=115, b3=WARNES 
2025-09-08 09:17:23.0468|INFO|ReadSpectrum7.DataRawObjectId|{0} 	{1} 	 {2} 	{3} 	{4} 	 {5} 	{6}  
2025-09-08 09:17:23.0468|WARN|ReadSpectrum7.Record|ID no encontrado para combinación: b1=WARNES2, b2=115, b3=WARNES 
2025-09-08 09:17:23.0468|INFO|rspectrum7.Bootstrap|	Fin ReadFile 
2025-09-08 09:17:23.0468|INFO|ReadSpectrum7.FilesDown|Iniciando carga de 1554 registros para TDM_TD30_SP7 
2025-09-08 09:17:23.0468|INFO|ReadSpectrum7.FilesDown|INICIANDO CARGA EN BD 
2025-09-08 09:17:23.0468|INFO|ReadSpectrum7.RecordBulkInserter|Iniciando carga de registros masiva... 
2025-09-08 09:17:23.2774|INFO|ReadSpectrum7.DataRawObjectId|{0} 	{1} 	 {2} 	{3} 	{4} 	 {5} 	{6}  
2025-09-08 09:17:23.2774|INFO|ReadSpectrum7.DataRawObjectId|{0} 	{1} 	 {2} 	{3} 	{4} 	 {5} 	{6}  
2025-09-08 09:17:23.2774|INFO|ReadSpectrum7.DataRawObjectId|{0} 	{1} 	 {2} 	{3} 	{4} 	 {5} 	{6}  
2025-09-08 09:17:23.2774|INFO|ReadSpectrum7.DataRawObjectId|{0} 	{1} 	 {2} 	{3} 	{4} 	 {5} 	{6}  
2025-09-08 09:17:23.2774|INFO|ReadSpectrum7.DataRawObjectId|{0} 	{1} 	 {2} 	{3} 	{4} 	 {5} 	{6}  
2025-09-08 09:17:23.2774|INFO|ReadSpectrum7.DataRawObjectId|{0} 	{1} 	 {2} 	{3} 	{4} 	 {5} 	{6}  
2025-09-08 09:17:23.2923|INFO|ReadSpectrum7.RecordBulkInserter|Se generaron 147060 filas para insertar en TDM_TD30_BULK 
2025-09-08 09:17:23.9968|INFO|ReadSpectrum7.RecordBulkInserter|Bloque 1/3 insertado con 50000 filas 
2025-09-08 09:17:24.5320|INFO|ReadSpectrum7.RecordBulkInserter|Bloque 2/3 insertado con 50000 filas 
2025-09-08 09:17:24.9702|INFO|ReadSpectrum7.RecordBulkInserter|Bloque 3/3 insertado con 47060 filas 
2025-09-08 09:17:24.9702|INFO|ReadSpectrum7.RecordBulkInserter|Carga completada en 1,91 segundos 
2025-09-08 09:17:24.9702|INFO|ReadSpectrum7.FilesDown|FIN CARGA EN BD 
2025-09-08 09:23:42.4862|INFO|rspectrum7.Bootstrap|	Fin LoadToDb 
2025-09-08 09:23:42.6964|WARN|rspectrum7.Bootstrap|Valores diferentes para fecha 06/09/2025 - DB: 184408.01 | File: 186213.64 
2025-09-08 09:23:42.6964|INFO|rspectrum7.Bootstrap|Fin de Proceso: TDM_TD30_SP7 | Hora: 09:23:42 
2025-09-08 09:23:42.6964|INFO|rspectrum7.Bootstrap|Inicio de Proceso: TDM_V30_SP7 | fullLog: False | Hora: 09:23:42 
2025-09-08 09:23:43.0336|INFO|ReadSpectrum7.FilesDown|Se cargaron 5501402,949999998 registros 
2025-09-08 09:23:43.1010|INFO|rspectrum7.Bootstrap|Fin de Proceso: TDM_V30_SP7 | Hora: 09:23:43 
2025-09-08 09:23:43.1010|INFO|rspectrum7.Bootstrap|Inicio de Proceso: TAP__1MM_SP7 | fullLog: False | Hora: 09:23:43 
2025-09-08 09:23:43.1690|INFO|ReadSpectrum7.FilesDown|Se cargaron 73856,16999999997 registros 
2025-09-08 09:23:43.1919|INFO|rspectrum7.Bootstrap|Fin de Proceso: TAP__1MM_SP7 | Hora: 09:23:43 
2025-09-08 09:23:43.1919|INFO|rspectrum7.Bootstrap|Inicio de Proceso: TDM_GE30_SP7 | fullLog: False | Hora: 09:23:43 
2025-09-08 09:23:43.2502|INFO|ReadSpectrum7.DataRawObjectId|{0} 	{1} 	 {2} 	{3} 	{4} 	 {5} 	{6}  
2025-09-08 09:23:43.2502|WARN|ReadSpectrum7.Record|ID no encontrado para combinación: b1=PSOLAR1, b2=25, b3=FV-D_25 
2025-09-08 09:23:43.2502|INFO|ReadSpectrum7.DataRawObjectId|{0} 	{1} 	 {2} 	{3} 	{4} 	 {5} 	{6}  
2025-09-08 09:23:43.2502|WARN|ReadSpectrum7.Record|ID no encontrado para combinación: b1=PSOLAR1, b2=25, b3=FV-D_25 
2025-09-08 09:23:43.2992|WARN|ReadSpectrum7.FilesDown|Error cargando registro: PSOLAR1-25-FV-D_25-P-MvMoment TDM_GE30_SP7 
2025-09-08 09:23:43.2992|WARN|ReadSpectrum7.FilesDown|PSOLAR1-25-FV-D_25-P-MvMomentTDM_GE30_SP7 
2025-09-08 09:23:43.2992|WARN|ReadSpectrum7.FilesDown|Error cargando registro: PSOLAR1-25-FV-D_25-Q-MvMoment TDM_GE30_SP7 
2025-09-08 09:23:43.2992|WARN|ReadSpectrum7.FilesDown|PSOLAR1-25-FV-D_25-Q-MvMomentTDM_GE30_SP7 
2025-09-08 09:23:43.2992|INFO|ReadSpectrum7.FilesDown|Se cargaron 128424,82000000005 registros 
2025-09-08 09:23:43.3321|WARN|rspectrum7.Bootstrap|Valores diferentes para fecha 06/09/2025 - DB: 128424.82 | File: 128489.86 
2025-09-08 09:23:43.3321|INFO|rspectrum7.Bootstrap|Fin de Proceso: TDM_GE30_SP7 | Hora: 09:23:43 
2025-09-08 09:23:43.3321|INFO|rspectrum7.Bootstrap|Inicio de Proceso: TDM_H30_SP7 | fullLog: False | Hora: 09:23:43 
2025-09-08 09:23:43.3588|INFO|ReadSpectrum7.FilesDown|Se cargaron 772614,37 registros 
2025-09-08 09:23:43.3588|INFO|rspectrum7.Bootstrap|Fin de Proceso: TDM_H30_SP7 | Hora: 09:23:43 
2025-09-08 09:23:43.3588|INFO|rspectrum7.Bootstrap|Fin de ejecución. 
2025-09-08 09:26:12.9123|INFO|rspectrum7.Bootstrap|Inicio de ejecución .NET 8 (Linux-ready) 
2025-09-08 09:26:12.9405|WARN|rspectrum7.Bootstrap|No se proporcionaron parámetros de fecha. Se usa la fecha actual. 
2025-09-08 09:26:13.3599|INFO|ReadSpectrum7.DataRawObjectId|Se cargaron 2648 entradas en el diccionario DataRawObjectId. 
2025-09-08 09:26:13.3599|INFO|ReadSpectrum7.FilesDown|Server PATH:\\192.168.2.120\Spectrum_Data\TDM_TD30 
2025-09-08 09:26:13.3599|INFO|ReadSpectrum7.FilesDown|Server PATH:\\192.168.2.120\Spectrum_Data\TDM__V30 
2025-09-08 09:26:13.3599|INFO|ReadSpectrum7.FilesDown|Server PATH:\\192.168.2.120\Spectrum_Data\TAP__1MM 
2025-09-08 09:26:13.3599|INFO|ReadSpectrum7.FilesDown|Server PATH:\\192.168.2.120\Spectrum_Data\TDM_GE30 
2025-09-08 09:26:13.3599|INFO|ReadSpectrum7.FilesDown|Server PATH:\\192.168.2.120\Spectrum_Data\TDM__H30 
2025-09-08 09:26:13.3599|INFO|rspectrum7.Bootstrap|Inicio de Proceso: TDM_TD30_SP7 | fullLog: True | Hora: 09:26:13 
2025-09-08 09:26:13.3769|INFO|rspectrum7.Bootstrap|Iniciando procesamiento: 2025-09-07 | Hora: 09:26:13 
2025-09-08 09:26:13.5665|INFO|ReadSpectrum7.DataRawObjectId|{0} 	{1} 	 {2} 	{3} 	{4} 	 {5} 	{6}  
2025-09-08 09:26:13.5665|WARN|ReadSpectrum7.Record|ID no encontrado para combinación: b1=WARNES2, b2=115, b3=TR01_025 
2025-09-08 09:26:13.5665|INFO|ReadSpectrum7.DataRawObjectId|{0} 	{1} 	 {2} 	{3} 	{4} 	 {5} 	{6}  
2025-09-08 09:26:13.5665|WARN|ReadSpectrum7.Record|ID no encontrado para combinación: b1=WARNES2, b2=115, b3=TR01_025 
2025-09-08 09:26:13.5665|INFO|ReadSpectrum7.DataRawObjectId|{0} 	{1} 	 {2} 	{3} 	{4} 	 {5} 	{6}  
2025-09-08 09:26:13.5665|WARN|ReadSpectrum7.Record|ID no encontrado para combinación: b1=WARNES2, b2=115, b3=TR02_025 
2025-09-08 09:26:13.5665|INFO|ReadSpectrum7.DataRawObjectId|{0} 	{1} 	 {2} 	{3} 	{4} 	 {5} 	{6}  
2025-09-08 09:26:13.5665|WARN|ReadSpectrum7.Record|ID no encontrado para combinación: b1=WARNES2, b2=115, b3=TR02_025 
2025-09-08 09:26:13.5665|INFO|ReadSpectrum7.DataRawObjectId|{0} 	{1} 	 {2} 	{3} 	{4} 	 {5} 	{6}  
2025-09-08 09:26:13.5665|WARN|ReadSpectrum7.Record|ID no encontrado para combinación: b1=WARNES2, b2=115, b3=WARNES 
2025-09-08 09:26:13.5665|INFO|ReadSpectrum7.DataRawObjectId|{0} 	{1} 	 {2} 	{3} 	{4} 	 {5} 	{6}  
2025-09-08 09:26:13.5665|WARN|ReadSpectrum7.Record|ID no encontrado para combinación: b1=WARNES2, b2=115, b3=WARNES 
2025-09-08 09:26:13.5795|INFO|rspectrum7.Bootstrap|	Fin ReadFile 
2025-09-08 09:26:13.5795|INFO|ReadSpectrum7.FilesDown|Iniciando carga de 1554 registros para TDM_TD30_SP7 
2025-09-08 09:26:13.5795|INFO|ReadSpectrum7.FilesDown|INICIANDO CARGA EN BD 
2025-09-08 09:26:13.5795|INFO|ReadSpectrum7.RecordBulkInserter|Iniciando carga de registros masiva... 
2025-09-08 09:26:13.8039|INFO|ReadSpectrum7.DataRawObjectId|{0} 	{1} 	 {2} 	{3} 	{4} 	 {5} 	{6}  
2025-09-08 09:26:13.8039|INFO|ReadSpectrum7.DataRawObjectId|{0} 	{1} 	 {2} 	{3} 	{4} 	 {5} 	{6}  
2025-09-08 09:26:13.8039|INFO|ReadSpectrum7.DataRawObjectId|{0} 	{1} 	 {2} 	{3} 	{4} 	 {5} 	{6}  
2025-09-08 09:26:13.8039|INFO|ReadSpectrum7.DataRawObjectId|{0} 	{1} 	 {2} 	{3} 	{4} 	 {5} 	{6}  
2025-09-08 09:26:13.8039|INFO|ReadSpectrum7.DataRawObjectId|{0} 	{1} 	 {2} 	{3} 	{4} 	 {5} 	{6}  
2025-09-08 09:26:13.8039|INFO|ReadSpectrum7.DataRawObjectId|{0} 	{1} 	 {2} 	{3} 	{4} 	 {5} 	{6}  
2025-09-08 09:26:13.8039|INFO|ReadSpectrum7.RecordBulkInserter|Se generaron 147060 filas para insertar en TDM_TD30_BULK 
2025-09-08 09:26:14.4454|INFO|ReadSpectrum7.RecordBulkInserter|Bloque 1/3 insertado con 50000 filas 
2025-09-08 09:26:14.9790|INFO|ReadSpectrum7.RecordBulkInserter|Bloque 2/3 insertado con 50000 filas 
2025-09-08 09:26:15.3271|INFO|ReadSpectrum7.RecordBulkInserter|Bloque 3/3 insertado con 47060 filas 
2025-09-08 09:26:15.3301|INFO|ReadSpectrum7.RecordBulkInserter|Carga completada en 1,75 segundos 
2025-09-08 09:26:15.3301|INFO|ReadSpectrum7.FilesDown|FIN CARGA EN BD 
2025-09-08 09:32:22.1973|INFO|rspectrum7.Bootstrap|	Fin LoadToDb 
2025-09-08 09:32:22.4525|WARN|rspectrum7.Bootstrap|Valores diferentes para fecha 07/09/2025 - DB: 170842.22 | File: 172683.18 
2025-09-08 09:32:22.4525|INFO|rspectrum7.Bootstrap|Fin de Proceso: TDM_TD30_SP7 | Hora: 09:32:22 
2025-09-08 09:32:22.4525|INFO|rspectrum7.Bootstrap|Inicio de Proceso: TDM_V30_SP7 | fullLog: False | Hora: 09:32:22 
2025-09-08 09:32:22.6465|INFO|ReadSpectrum7.FilesDown|Se cargaron 5491399,029999996 registros 
2025-09-08 09:32:22.7140|INFO|rspectrum7.Bootstrap|Fin de Proceso: TDM_V30_SP7 | Hora: 09:32:22 
2025-09-08 09:32:22.7140|INFO|rspectrum7.Bootstrap|Inicio de Proceso: TAP__1MM_SP7 | fullLog: False | Hora: 09:32:22 
2025-09-08 09:32:22.7810|INFO|ReadSpectrum7.FilesDown|Se cargaron 71274,58 registros 
2025-09-08 09:32:22.7810|INFO|rspectrum7.Bootstrap|Fin de Proceso: TAP__1MM_SP7 | Hora: 09:32:22 
2025-09-08 09:32:22.7810|INFO|rspectrum7.Bootstrap|Inicio de Proceso: TDM_GE30_SP7 | fullLog: False | Hora: 09:32:22 
2025-09-08 09:32:22.8546|INFO|ReadSpectrum7.DataRawObjectId|{0} 	{1} 	 {2} 	{3} 	{4} 	 {5} 	{6}  
2025-09-08 09:32:22.8560|WARN|ReadSpectrum7.Record|ID no encontrado para combinación: b1=PSOLAR1, b2=25, b3=FV-D_25 
2025-09-08 09:32:22.8560|INFO|ReadSpectrum7.DataRawObjectId|{0} 	{1} 	 {2} 	{3} 	{4} 	 {5} 	{6}  
2025-09-08 09:32:22.8560|WARN|ReadSpectrum7.Record|ID no encontrado para combinación: b1=PSOLAR1, b2=25, b3=FV-D_25 
2025-09-08 09:32:22.9014|WARN|ReadSpectrum7.FilesDown|Error cargando registro: PSOLAR1-25-FV-D_25-P-MvMoment TDM_GE30_SP7 
2025-09-08 09:32:22.9062|WARN|ReadSpectrum7.FilesDown|PSOLAR1-25-FV-D_25-P-MvMomentTDM_GE30_SP7 
2025-09-08 09:32:22.9062|WARN|ReadSpectrum7.FilesDown|Error cargando registro: PSOLAR1-25-FV-D_25-Q-MvMoment TDM_GE30_SP7 
2025-09-08 09:32:22.9062|WARN|ReadSpectrum7.FilesDown|PSOLAR1-25-FV-D_25-Q-MvMomentTDM_GE30_SP7 
2025-09-08 09:32:22.9062|INFO|ReadSpectrum7.FilesDown|Se cargaron 116827,96999999999 registros 
2025-09-08 09:32:22.9592|WARN|rspectrum7.Bootstrap|Valores diferentes para fecha 07/09/2025 - DB: 116827.97 | File: 116882.04 
2025-09-08 09:32:22.9592|INFO|rspectrum7.Bootstrap|Fin de Proceso: TDM_GE30_SP7 | Hora: 09:32:22 
2025-09-08 09:32:22.9592|INFO|rspectrum7.Bootstrap|Inicio de Proceso: TDM_H30_SP7 | fullLog: False | Hora: 09:32:22 
2025-09-08 09:32:23.0104|INFO|ReadSpectrum7.FilesDown|Se cargaron 773211,32 registros 
2025-09-08 09:32:23.0104|INFO|rspectrum7.Bootstrap|Fin de Proceso: TDM_H30_SP7 | Hora: 09:32:23 
2025-09-08 09:32:23.0288|INFO|rspectrum7.Bootstrap|Fin de ejecución. 
