2025-09-13 00:22:59.9328|INFO|rspectrum7.Bootstrap|Inicio de ejecución .NET 8 (Linux-ready) 
2025-09-13 00:22:59.9896|WARN|rspectrum7.Bootstrap|No se proporcionaron parámetros de fecha. Se usa la fecha actual. 
2025-09-13 00:23:00.7620|INFO|ReadSpectrum7.DataRawObjectId|Se cargaron 2648 entradas en el diccionario DataRawObjectId. 
2025-09-13 00:23:00.7709|INFO|ReadSpectrum7.FilesDown|Server PATH:\\192.168.2.120\Spectrum_Data\TDM_TD30 
2025-09-13 00:23:00.7709|INFO|ReadSpectrum7.FilesDown|Server PATH:\\192.168.2.120\Spectrum_Data\TDM__V30 
2025-09-13 00:23:00.7709|INFO|ReadSpectrum7.FilesDown|Server PATH:\\192.168.2.120\Spectrum_Data\TAP__1MM 
2025-09-13 00:23:00.7709|INFO|ReadSpectrum7.FilesDown|Server PATH:\\192.168.2.120\Spectrum_Data\TDM_GE30 
2025-09-13 00:23:00.7709|INFO|ReadSpectrum7.FilesDown|Server PATH:\\192.168.2.120\Spectrum_Data\TDM__H30 
2025-09-13 00:23:00.7709|INFO|rspectrum7.Bootstrap|Inicio de Proceso: TDM_TD30_SP7 | fullLog: True | Hora: 00:23:00 
2025-09-13 00:23:00.7869|INFO|rspectrum7.Bootstrap|Iniciando procesamiento: 2025-09-12 | Hora: 00:23:00 
2025-09-13 00:23:01.0288|INFO|ReadSpectrum7.DataRawObjectId|{0} 	{1} 	 {2} 	{3} 	{4} 	 {5} 	{6}  
2025-09-13 00:23:01.0288|WARN|ReadSpectrum7.Record|ID no encontrado para combinación: b1=WARNES2, b2=115, b3=TR01_025 
2025-09-13 00:23:01.0288|INFO|ReadSpectrum7.DataRawObjectId|{0} 	{1} 	 {2} 	{3} 	{4} 	 {5} 	{6}  
2025-09-13 00:23:01.0288|WARN|ReadSpectrum7.Record|ID no encontrado para combinación: b1=WARNES2, b2=115, b3=TR01_025 
2025-09-13 00:23:01.0288|INFO|ReadSpectrum7.DataRawObjectId|{0} 	{1} 	 {2} 	{3} 	{4} 	 {5} 	{6}  
2025-09-13 00:23:01.0365|WARN|ReadSpectrum7.Record|ID no encontrado para combinación: b1=WARNES2, b2=115, b3=TR02_025 
2025-09-13 00:23:01.0365|INFO|ReadSpectrum7.DataRawObjectId|{0} 	{1} 	 {2} 	{3} 	{4} 	 {5} 	{6}  
2025-09-13 00:23:01.0365|WARN|ReadSpectrum7.Record|ID no encontrado para combinación: b1=WARNES2, b2=115, b3=TR02_025 
2025-09-13 00:23:01.0365|INFO|ReadSpectrum7.DataRawObjectId|{0} 	{1} 	 {2} 	{3} 	{4} 	 {5} 	{6}  
2025-09-13 00:23:01.0365|WARN|ReadSpectrum7.Record|ID no encontrado para combinación: b1=WARNES2, b2=115, b3=WARNES 
2025-09-13 00:23:01.0365|INFO|ReadSpectrum7.DataRawObjectId|{0} 	{1} 	 {2} 	{3} 	{4} 	 {5} 	{6}  
2025-09-13 00:23:01.0365|WARN|ReadSpectrum7.Record|ID no encontrado para combinación: b1=WARNES2, b2=115, b3=WARNES 
2025-09-13 00:23:01.0365|INFO|rspectrum7.Bootstrap|	Fin ReadFile 
2025-09-13 00:23:01.0365|INFO|ReadSpectrum7.FilesDown|Iniciando carga de 1554 registros para TDM_TD30_SP7 
2025-09-13 00:23:01.0365|INFO|ReadSpectrum7.FilesDown|INICIANDO CARGA EN BD 
2025-09-13 00:23:01.0365|INFO|ReadSpectrum7.RecordBulkInserter|Iniciando carga de registros masiva... 
2025-09-13 00:23:01.3149|INFO|ReadSpectrum7.DataRawObjectId|{0} 	{1} 	 {2} 	{3} 	{4} 	 {5} 	{6}  
2025-09-13 00:23:01.3149|INFO|ReadSpectrum7.DataRawObjectId|{0} 	{1} 	 {2} 	{3} 	{4} 	 {5} 	{6}  
2025-09-13 00:23:01.3149|INFO|ReadSpectrum7.DataRawObjectId|{0} 	{1} 	 {2} 	{3} 	{4} 	 {5} 	{6}  
2025-09-13 00:23:01.3149|INFO|ReadSpectrum7.DataRawObjectId|{0} 	{1} 	 {2} 	{3} 	{4} 	 {5} 	{6}  
2025-09-13 00:23:01.3149|INFO|ReadSpectrum7.DataRawObjectId|{0} 	{1} 	 {2} 	{3} 	{4} 	 {5} 	{6}  
2025-09-13 00:23:01.3149|INFO|ReadSpectrum7.DataRawObjectId|{0} 	{1} 	 {2} 	{3} 	{4} 	 {5} 	{6}  
2025-09-13 00:23:01.3267|INFO|ReadSpectrum7.RecordBulkInserter|Se generaron 147060 filas para insertar en TDM_TD30_BULK 
2025-09-13 00:23:01.9558|INFO|ReadSpectrum7.RecordBulkInserter|Bloque 1/3 insertado con 50000 filas 
2025-09-13 00:23:02.4453|INFO|ReadSpectrum7.RecordBulkInserter|Bloque 2/3 insertado con 50000 filas 
2025-09-13 00:23:02.9000|INFO|ReadSpectrum7.RecordBulkInserter|Bloque 3/3 insertado con 47060 filas 
2025-09-13 00:23:02.9000|INFO|ReadSpectrum7.RecordBulkInserter|Carga completada en 1,85 segundos 
2025-09-13 00:23:02.9000|INFO|ReadSpectrum7.FilesDown|FIN CARGA EN BD 
2025-09-13 00:23:49.5577|INFO|rspectrum7.Bootstrap|	Fin LoadToDb 
2025-09-13 00:23:49.8259|WARN|rspectrum7.Bootstrap|Valores diferentes para fecha 12/09/2025 - DB: 220150.35 | File: 222381.45 
2025-09-13 00:23:49.8259|INFO|rspectrum7.Bootstrap|Fin de Proceso: TDM_TD30_SP7 | Hora: 00:23:49 
2025-09-13 00:24:32.1918|INFO|rspectrum7.Bootstrap|Inicio de ejecución .NET 8 (Linux-ready) 
2025-09-13 00:24:32.2262|WARN|rspectrum7.Bootstrap|No se proporcionaron parámetros de fecha. Se usa la fecha actual. 
2025-09-13 00:24:41.7876|INFO|ReadSpectrum7.DataRawObjectId|Se cargaron 2648 entradas en el diccionario DataRawObjectId. 
2025-09-13 00:24:41.7876|INFO|ReadSpectrum7.FilesDown|Server PATH:\\192.168.2.120\Spectrum_Data\TDM_TD30 
2025-09-13 00:24:41.7876|INFO|ReadSpectrum7.FilesDown|Server PATH:\\192.168.2.120\Spectrum_Data\TDM__V30 
2025-09-13 00:24:41.7876|INFO|ReadSpectrum7.FilesDown|Server PATH:\\192.168.2.120\Spectrum_Data\TAP__1MM 
2025-09-13 00:24:41.7876|INFO|ReadSpectrum7.FilesDown|Server PATH:\\192.168.2.120\Spectrum_Data\TDM_GE30 
2025-09-13 00:24:41.7876|INFO|ReadSpectrum7.FilesDown|Server PATH:\\192.168.2.120\Spectrum_Data\TDM__H30 
2025-09-13 00:24:45.2872|INFO|rspectrum7.Bootstrap|Inicio de Proceso: TDM_TD30_SP7 | fullLog: True | Hora: 00:24:45 
2025-09-13 00:24:45.2872|INFO|rspectrum7.Bootstrap|Iniciando procesamiento: 2025-09-12 | Hora: 00:24:45 
2025-09-13 00:24:45.4786|INFO|ReadSpectrum7.DataRawObjectId|{0} 	{1} 	 {2} 	{3} 	{4} 	 {5} 	{6}  
2025-09-13 00:24:45.4786|WARN|ReadSpectrum7.Record|ID no encontrado para combinación: b1=WARNES2, b2=115, b3=TR01_025 
2025-09-13 00:24:45.4786|INFO|ReadSpectrum7.DataRawObjectId|{0} 	{1} 	 {2} 	{3} 	{4} 	 {5} 	{6}  
2025-09-13 00:24:45.4786|WARN|ReadSpectrum7.Record|ID no encontrado para combinación: b1=WARNES2, b2=115, b3=TR01_025 
2025-09-13 00:24:45.4786|INFO|ReadSpectrum7.DataRawObjectId|{0} 	{1} 	 {2} 	{3} 	{4} 	 {5} 	{6}  
2025-09-13 00:24:45.4786|WARN|ReadSpectrum7.Record|ID no encontrado para combinación: b1=WARNES2, b2=115, b3=TR02_025 
2025-09-13 00:24:45.4786|INFO|ReadSpectrum7.DataRawObjectId|{0} 	{1} 	 {2} 	{3} 	{4} 	 {5} 	{6}  
2025-09-13 00:24:45.4786|WARN|ReadSpectrum7.Record|ID no encontrado para combinación: b1=WARNES2, b2=115, b3=TR02_025 
2025-09-13 00:24:45.4786|INFO|ReadSpectrum7.DataRawObjectId|{0} 	{1} 	 {2} 	{3} 	{4} 	 {5} 	{6}  
2025-09-13 00:24:45.4786|WARN|ReadSpectrum7.Record|ID no encontrado para combinación: b1=WARNES2, b2=115, b3=WARNES 
2025-09-13 00:24:45.4786|INFO|ReadSpectrum7.DataRawObjectId|{0} 	{1} 	 {2} 	{3} 	{4} 	 {5} 	{6}  
2025-09-13 00:24:45.4786|WARN|ReadSpectrum7.Record|ID no encontrado para combinación: b1=WARNES2, b2=115, b3=WARNES 
2025-09-13 00:24:45.4786|INFO|rspectrum7.Bootstrap|	Fin ReadFile 
2025-09-13 00:24:45.4786|INFO|ReadSpectrum7.FilesDown|Iniciando carga de 1554 registros para TDM_TD30_SP7 
2025-09-13 00:24:45.4786|INFO|ReadSpectrum7.FilesDown|INICIANDO CARGA EN BD 
2025-09-13 00:24:45.4786|INFO|ReadSpectrum7.RecordBulkInserter|Iniciando carga de registros masiva... 
2025-09-13 00:24:45.7317|INFO|ReadSpectrum7.DataRawObjectId|{0} 	{1} 	 {2} 	{3} 	{4} 	 {5} 	{6}  
2025-09-13 00:24:45.7317|INFO|ReadSpectrum7.DataRawObjectId|{0} 	{1} 	 {2} 	{3} 	{4} 	 {5} 	{6}  
2025-09-13 00:24:45.7317|INFO|ReadSpectrum7.DataRawObjectId|{0} 	{1} 	 {2} 	{3} 	{4} 	 {5} 	{6}  
2025-09-13 00:24:45.7317|INFO|ReadSpectrum7.DataRawObjectId|{0} 	{1} 	 {2} 	{3} 	{4} 	 {5} 	{6}  
2025-09-13 00:24:45.7317|INFO|ReadSpectrum7.DataRawObjectId|{0} 	{1} 	 {2} 	{3} 	{4} 	 {5} 	{6}  
2025-09-13 00:24:45.7317|INFO|ReadSpectrum7.DataRawObjectId|{0} 	{1} 	 {2} 	{3} 	{4} 	 {5} 	{6}  
2025-09-13 00:24:45.7433|INFO|ReadSpectrum7.RecordBulkInserter|Se generaron 147060 filas para insertar en TDM_TD30_BULK 
2025-09-13 00:24:46.3050|INFO|ReadSpectrum7.RecordBulkInserter|Bloque 1/3 insertado con 50000 filas 
2025-09-13 00:24:46.8316|INFO|ReadSpectrum7.RecordBulkInserter|Bloque 2/3 insertado con 50000 filas 
2025-09-13 00:24:47.2052|INFO|ReadSpectrum7.RecordBulkInserter|Bloque 3/3 insertado con 47060 filas 
2025-09-13 00:24:47.2074|INFO|ReadSpectrum7.RecordBulkInserter|Carga completada en 1,71 segundos 
2025-09-13 00:24:47.2074|INFO|ReadSpectrum7.FilesDown|FIN CARGA EN BD 
2025-09-13 00:25:25.7902|INFO|rspectrum7.Bootstrap|	Fin LoadToDb 
2025-09-13 00:25:26.0734|WARN|rspectrum7.Bootstrap|Valores diferentes para fecha 12/09/2025 - DB: 220150.35 | File: 222381.45 
2025-09-13 00:25:26.0734|INFO|rspectrum7.Bootstrap|Fin de Proceso: TDM_TD30_SP7 | Hora: 00:25:26 
2025-09-13 00:25:35.4661|INFO|rspectrum7.Bootstrap|Inicio de Proceso: TDM_V30_SP7 | fullLog: False | Hora: 00:25:35 
2025-09-13 00:25:36.8369|INFO|ReadSpectrum7.FilesDown|Se cargaron 5536134,610000002 registros 
2025-09-13 00:25:36.8937|INFO|rspectrum7.Bootstrap|Fin de Proceso: TDM_V30_SP7 | Hora: 00:25:36 
